<?xml version="1.0" encoding="UTF-8"?>
<!-- Generated by org.testng.reporters.JUnitReportReporter -->
<testsuite skipped="0" hostname="LAPTOP-L9U3TNVC" name="com.qa.facebook.tests.LoginPageTest" tests="8" failures="0" timestamp="18 Aug 2021 01:49:08 GMT" time="123.438" errors="0">
  <testcase name="createNewContactTest" time="14.079" classname="com.qa.facebook.tests.LoginPageTest"/>
  <testcase name="createNewContactTest" time="17.335" classname="com.qa.facebook.tests.LoginPageTest"/>
  <testcase name="createNewContactTest" time="17.556" classname="com.qa.facebook.tests.LoginPageTest"/>
  <testcase name="createNewContactTest" time="17.379" classname="com.qa.facebook.tests.LoginPageTest"/>
  <testcase name="createNewContactTest" time="13.499" classname="com.qa.facebook.tests.LoginPageTest"/>
  <testcase name="createNewContactTest" time="14.032" classname="com.qa.facebook.tests.LoginPageTest"/>
  <testcase name="createNewContactTest" time="15.583" classname="com.qa.facebook.tests.LoginPageTest"/>
  <testcase name="createNewContactTest" time="13.975" classname="com.qa.facebook.tests.LoginPageTest"/>
</testsuite> <!-- com.qa.facebook.tests.LoginPageTest -->
